<?xml version="1.0" encoding="UTF-8"?>
<!-- Generated by org.testng.reporters.JUnitXMLReporter -->
<testsuite ignored="0" hostname="Mahbubs-MacBook-Pro.local" failures="0" tests="2" name="Nopackage" time="0.464" errors="0" timestamp="2021-12-18T16:12:39 EST">
  <testcase classname="io.cucumber.testng.AbstractTestNGCucumberTests" name="runScenario" time="0.081"/>
  <testcase classname="io.cucumber.testng.AbstractTestNGCucumberTests" name="runScenario" time="0.014"/>
</testsuite> <!-- Nopackage -->
