<?xml version="1.0" encoding="UTF-8"?>
<testng-results ignored="0" total="2" passed="2" failed="0" skipped="0">
  <reporter-output>
  </reporter-output>
  <suite started-at="2021-12-18T16:12:39 EST" name="Suite1" finished-at="2021-12-18T16:12:39 EST" duration-ms="464">
    <groups>
      <group name="cucumber">
        <method signature="AbstractTestNGCucumberTests.runScenario(io.cucumber.testng.PickleWrapper,io.cucumber.testng.FeatureWrapper)[pri:0, instance:runners.SmokeTestRunner@76c3e77a]" name="runScenario" class="io.cucumber.testng.AbstractTestNGCucumberTests"/>
      </group> <!-- cucumber -->
    </groups>
    <test started-at="2021-12-18T16:12:39 EST" name="Nopackage" finished-at="2021-12-18T16:12:39 EST" duration-ms="464">
      <class name="runners.SmokeTestRunner">
        <test-method is-config="true" signature="setUpClass(org.testng.ITestContext)[pri:0, instance:runners.SmokeTestRunner@76c3e77a]" started-at="2021-12-18T16:12:39 EST" name="setUpClass" finished-at="2021-12-18T16:12:39 EST" duration-ms="310" status="PASS">
          <params>
            <param index="0">
              <value>
                <![CDATA[org.testng.TestRunner@1a7288a3]]>
              </value>
            </param>
          </params>
          <reporter-output>
          </reporter-output>
        </test-method> <!-- setUpClass -->
        <test-method signature="runScenario(io.cucumber.testng.PickleWrapper,io.cucumber.testng.FeatureWrapper)[pri:0, instance:runners.SmokeTestRunner@76c3e77a]" started-at="2021-12-18T16:12:39 EST" name="runScenario" description="Runs Cucumber Scenarios" data-provider="scenarios" finished-at="2021-12-18T16:12:39 EST" duration-ms="81" status="PASS">
          <params>
            <param index="0">
              <value>
                <![CDATA["simple search"]]>
              </value>
            </param>
            <param index="1">
              <value>
                <![CDATA["Optional[perform google search]"]]>
              </value>
            </param>
          </params>
          <reporter-output>
          </reporter-output>
        </test-method> <!-- runScenario -->
        <test-method signature="runScenario(io.cucumber.testng.PickleWrapper,io.cucumber.testng.FeatureWrapper)[pri:0, instance:runners.SmokeTestRunner@76c3e77a]" started-at="2021-12-18T16:12:39 EST" name="runScenario" description="Runs Cucumber Scenarios" data-provider="scenarios" finished-at="2021-12-18T16:12:39 EST" duration-ms="14" status="PASS">
          <params>
            <param index="0">
              <value>
                <![CDATA["simple search"]]>
              </value>
            </param>
            <param index="1">
              <value>
                <![CDATA["Optional[perform google search]"]]>
              </value>
            </param>
          </params>
          <reporter-output>
          </reporter-output>
        </test-method> <!-- runScenario -->
        <test-method is-config="true" signature="tearDownClass()[pri:0, instance:runners.SmokeTestRunner@76c3e77a]" started-at="2021-12-18T16:12:39 EST" name="tearDownClass" finished-at="2021-12-18T16:12:39 EST" duration-ms="10" status="PASS">
          <reporter-output>
          </reporter-output>
        </test-method> <!-- tearDownClass -->
      </class> <!-- runners.SmokeTestRunner -->
    </test> <!-- Nopackage -->
  </suite> <!-- Suite1 -->
</testng-results>
